1000000 6059232
1000000 5691884
1000000 5721624
1001000 5485086
999000 6290150
1001000 6305022
999000 7804540
1000000 7587840
1000000 7352320
1000000 6264404
1000000 7360512
1000000 7479296
1000000 6668172
1001000 7682557
999000 5073685
1001000 5458401
999000 5195927
1000000 4572416
999000 7287155
1001000 5851752
999000 6852636
997000 7972204
1000000 5533840
1000000 5810032
1000000 6747436
1000000 6100992
1000000 7686144
1000000 7331840
1000000 7290880
1000000 6006784
1000000 7632896
1000000 7436288
1000000 7170048
1000000 5804032
1000000 7673856
1000000 8292352
998000 5938789
1000000 7337984
1000000 10887316
1000000 8070092
1001000 7103280
1000000 5956812
999000 5861573
1000000 6105668
1000000 6620800
1000000 5914168
1000000 6578500
1000000 5007716
1001000 5705770
999000 5498598
1000000 5804488
1001000 6015500
999000 5780612
1000000 5204396
1000000 6183560
1001000 5857982
999000 7151459
1000000 6772244
1000000 5941248
1001000 6477490
999000 4137001
1000000 4820992
1000000 7389184
1000000 7464960
1000000 5431296
1000000 7995392
1000000 11073468
1001000 6585162
999000 7172412
1000000 6556284
1001000 6008559
999000 6838966
1001000 7889198
999000 5668388
1000000 4268032
1001000 4357882
999000 7620036
1000000 7698432
1001000 5896439
999000 4202602
1000000 5754880
1000000 7860224
1000000 7696384
1000000 7364608
1000000 7099212
1000000 4166552
1002000 4163185
998000 7455294
1001000 8065150
999000 8337553
1000000 8036352
1000000 4327424
1001000 6423640
1000000 5123080
1000000 4563100
1000000 4710400
1000000 7651328
1001000 7105598
999000 4851087
999000 4977125
1000000 5648052
1000000 5594576
1000000 4089388
1001000 7132195
999000 6902518
1000000 7122944
1000000 7196672
1000000 4929536
1000000 7729152
1001000 7594581
999000 4320464
999000 4600320
1000000 5147580
1000000 5304864
1000000 4181104
1000000 5487112
999000 5258194
1001000 5171980
1000000 4583424
999000 6957869
1000000 4402796
1000000 4228756
1000000 4325600
1000000 4215388
1000000 4281564
1000000 4046712
1000000 4056132
1000000 4248016
1001000 4789238
1000000 4274652
1000000 4049500
1000000 4333420
1000000 5262396
1001000 4367392
999000 5158466
1000000 4172004
1000000 4444508
1000000 4272128
1001000 4513982
