1000000 4243504
1001000 6054553
999000 6055879
1000000 6157664
1001000 6149130
999000 5932076
1000000 6044432
1000000 5991860
1001000 5082297
999000 4373817
999000 4228444
1000000 4201296
1000000 4526840
1001000 4092083
999000 4482730
1000000 4810752
1000000 4648960
1000000 5226112
1000000 4150372
1001000 4685342
1001000 4569194
999000 5600476
1000000 4653328
1000000 4804860
1000000 4747656
1001000 4796779
999000 4504128
1000000 4211676
1000000 4347716
1001000 4924275
1000000 4123228
999000 5895943
1000000 6393856
1001000 5651104
1000000 6695352
999000 5497045
1000000 4265984
1000000 4945920
1000000 6465536
1000000 6727680
1001000 5900531
999000 6293653
1000000 6668288
1000000 6094848
999000 5453133
1000000 6172672
1000000 6545408
1000000 6240256
1000000 5023744
1000000 6258688
1000000 6322176
1000000 5824512
1000000 4050944
1000000 5253120
1000000 6428672
1000000 6676480
1000000 6131712
1000000 4919296
1001000 4501098
999000 6506858
1000000 6561792
1000000 6928384
1000000 4653056
1001000 5880071
999000 6523259
1001000 6469306
1000000 4892672
1000000 4268032
999000 6289553
1001000 6651396
999000 6304932
1000000 4624384
1000000 6520832
1000000 6430720
1001000 6129678
999000 4325605
1000000 4216832
1000000 6823936
1000000 6481920
1001000 6461122
999000 4948820
1000000 6328320
1000000 6537216
1000000 6793216
999000 4850418
1000000 6418432
1000000 6473728
1000000 6846464
1000000 4091904
1000000 4337664
1001000 6471352
999000 6406406
1001000 6815072
999000 4524460
1000000 4177920
1000000 6135808
1000000 6426624
1000000 6451200
1001000 4828451
999000 4026298
1000000 6289408
1000000 4309088
1000000 4847616
1000000 4390912
1000000 5986488
1000000 4061776
1001000 4186549
999000 4506010
1000000 6119424
1000000 6639616
1000000 6815744
1000000 4923392
1000000 4595712
1001000 5509754
999000 6502758
1000000 6219776
1000000 5253120
1000000 4239360
1000000 5267456
1001000 6575696
999000 6629861
1000000 5660672
1001000 6113310
1000000 4765696
999000 6025097
1000000 6434816
1000000 5591040
1000000 4366336
1000000 4972544
1001000 6403836
999000 6182950
1000000 5603328
1000000 4241408
1000000 6328320
1000000 5985440
1001000 4640323
