999000 4220868
1000000 4868172
1000000 5928504
1000000 5213416
1000000 6602752
1000000 6461268
1000000 5713672
1000000 4284748
1000000 8024448
1000000 6383616
1000000 5270276
1000000 5924148
1000000 6574080
1001000 5132407
1001000 4378025
1000000 6254660
999000 5958694
999000 4337185
1000000 5204700
1000000 5199332
1000000 4096168
1000000 4268800
1001000 7148563
999000 6572460
1001000 4372203
999000 7043971
1001000 7246769
1000000 7413760
999000 7263327
1000000 4214784
1000000 6623232
1000000 7063552
1000000 7385088
1000000 4446208
1001000 4055080
1000000 9791488
999000 8937461
1000000 6003544
1001000 4846865
1001000 5650925
1000000 7073792
1000000 6764544
1000000 4069376
1000000 5062656
1001000 7539340
999000 7097273
1001000 5108747
1001000 5346077
999000 6426906
1000000 6719488
1001000 5425870
999000 4542910
1000000 4942548
1000000 5849088
1001000 4035748
1000000 5337176
1001000 4286969
1000000 4193488
1000000 4501976
999000 4408324
1001000 5215588
1000000 4142404
1000000 4564328
1000000 4593392
1000000 4513704
1001000 4017446
1000000 4076552
1000000 4504996
1000000 4674864
1000000 4660768
999000 4162010
1001000 4158569
1000000 4094732
1000000 4386636
1000000 5405728
999000 4666858
1000000 4812464
1000000 4903920
1000000 5648124
1000000 6500352
1000000 7094272
1000000 6811648
1000000 6322176
1001000 4259676
999000 4928320
1000000 7294976
1000000 6922616
1001000 5691384
1000000 5582848
1000000 7364184
999000 6474058
1000000 5728256
1000000 7081984
1000000 6483968
1000000 4204544
1001000 5988507
999000 7287927
1000000 5714004
1001000 6334001
999000 4251803
1000000 4198400
1000000 6979584
1000000 6963200
1000000 7309312
999000 4175951
1001000 6974657
999000 7499083
1000000 4775868
1000000 4640204
1000000 4443008
1000000 4122428
1000000 4118760
1000000 5543028
1001000 5912963
1000000 5904240
1000000 5212820
999000 5303779
1000000 7143424
1001000 7823728
1000000 6203392
999000 4760216
1000000 4859904
1000000 5728256
1000000 7057408
1000000 6795264
1001000 5657062
1000000 4468736
999000 5125125
1000000 6748160
1000000 7049216
1000000 5894144
1000000 4145152
1001000 5143528
999000 6955819
1000000 6549504
1000000 5818368
1000000 5345280
1000000 5017600
1000000 6754304
1000000 5709824
1001000 6581834
1000000 4392960
1000000 6684672
1000000 6813696
1000000 6647808
1001000 4445858
1000000 6727680
999000 6523259
1001000 6542961
1000000 4780032
1000000 7041024
1000000 7016448
1000000 4401504
1000000 6875136
1000000 6987776
1001000 6569558
999000 4216952
1000000 5308416
1000000 6828032
1000000 7309312
1000000 6903808
1000000 4665344
1000000 6721536
1000000 6774784
1000000 6672384
1001000 4008023
1000000 4593664
999000 7093173
1001000 7455456
999000 7072672
1000000 5720064
1000000 4110336
1000000 4657152
1000000 6852608
1000000 6934528
1000000 5230592
1000000 5640192
1000000 7335936
1000000 6955008
1000000 5541888
1000000 4407296
999000 5531035
1000000 6848512
1000000 6619136
1001000 6469306
999000 4928320
1000000 6383616
1000000 6746112
1000000 6658048
1001000 4136919
999000 4272304
1001000 6737758
999000 7154674
1000000 6562864
1001000 6939840
1000000 5937876
999000 6974270
1001000 5549414
1000000 4864716
1000000 6075152
1000000 5966508
1000000 6427504
1001000 5181310
1000000 5615616
1000000 7301120
1000000 5449568
1001000 5882505
1000000 5734400
1000000 7278592
1000000 7053312
1001000 6743464
999000 4145201
1001000 5683660
1000000 4368384
999000 5020572
1000000 4435968
1000000 5447680
1000000 6656000
1000000 5472848
1000000 4436968
1001000 4925122
1001000 4705150
1002000 5436726
997000 5190150
1000000 5327296
1001000 5270801
1001000 6125586
999000 7103423
1001000 6733450
1000000 5062656
1001000 4357418
999000 5064152
1000000 4468076
1000000 4301416
1000000 4595712
1001000 5535064
999000 4494302
1001000 4307180
999000 4195087
1001000 5220363
1001000 5657674
999000 4793705
1000000 4868432
1001000 4969994
1000000 4566020
999000 4317405
1000000 6627328
1001000 6516679
999000 5986746
1000000 4300800
1000000 5545984
1000000 6959104
1000000 6746112
999000 4633113
1001000 5024847
999000 5941945
1000000 5778116
1000000 4677632
1001000 6946013
1000000 6549504
999000 6873817
1000000 5036032
1000000 7131136
999000 5836672
1001000 4907816
999000 4021061
1000000 4767744
1000000 7008256
1000000 5946472
1001000 5711052
1000000 5376816
1000000 4374528
999000 5116924
1000000 6435356
1000000 4941068
1000000 5189312
1001000 6342069
999000 5092992
1000000 4786176
1000000 5849088
1000000 6647808
1001000 7050357
999000 6125549
1000000 5189632
1001000 6843716
999000 7281777
1000000 5851136
1000000 4077568
1000000 5476352
1000000 6811648
1000000 6422528
1000000 6049792
1000000 4149248
1001000 5182401
