999000 4091603
1001000 6532731
999000 8959887
1001000 4945482
1000000 5008104
999000 5151011
1000000 5007068
1000000 5077584
1000000 4985264
1000000 5001572
1000000 5063216
1000000 5085412
1000000 4973832
1001000 5004395
999000 5093925
1000000 4838908
1000000 4067328
1000000 6200540
1000000 5056012
1000000 4777024
1000000 4605952
1000000 6432768
1001000 5962861
1001000 5809362
1000000 5018600
999000 4984408
1000000 4307104
1001000 5802013
1000000 5052656
1000000 5027340
999000 5046566
1000000 4145152
1000000 5476352
1000000 5503756
1001000 5038633
999000 4919939
1000000 4120576
1000000 5722112
1000000 5393760
1000000 5038452
1000000 5058552
1000000 4464640
1001000 5202861
999000 5442962
1000000 5030088
1000000 5043516
1000000 4777848
1000000 5144576
1001000 4260079
1000000 5996840
999000 4950130
999000 4044748
1000000 7809024
1000000 7931904
999000 4173901
1001000 5499548
999000 5583635
1001000 4987232
999000 4716384
1000000 5165056
1000000 5280960
1000000 4958228
1000000 5122976
1001000 4129234
999000 4819727
1001000 6129118
999000 5077213
1001000 5033090
999000 4137913
1001000 5229458
999000 5641709
1001000 5038581
999000 4869789
1000000 4004116
1000000 5060608
1000000 6282296
1000000 5045124
1000000 4992688
1000000 4202244
1000000 7008256
1000000 5422432
1001000 4903612
999000 4578306
1000000 4145152
1000000 6444064
1000000 5096324
1000000 4843748
1000000 4933088
1000000 6836228
1000000 5066900
1000000 5039128
1000000 4849732
1000000 4317184
1000000 5977820
1001000 4961638
1000000 5042220
999000 4711679
1001000 4128735
1000000 6217604
1000000 5108100
999000 5035063
1001000 4250645
1001000 6812383
1000000 5234264
999000 4531811
999000 4089365
1000000 7413760
1001000 5881050
999000 5067095
1000000 4592132
1001000 4083724
999000 5887743
1000000 5564984
1000000 5018760
1000000 4410940
1000000 4272928
1001000 4375984
999000 4664536
1000000 4406092
1000000 4052020
1000000 4567988
1000000 4322152
1001000 4456987
999000 5692040
1000000 6960880
1000000 6856704
1000000 7347528
1001000 4342157
1001000 4298549
999000 5959495
1001000 7430905
999000 6851267
1000000 4124672
1000000 5875712
1000000 5372448
1000000 5211816
1001000 4834113
999000 5144884
999000 4936296
1000000 5957632
1000000 7534592
1001000 5689142
1000000 4960828
1000000 5116820
999000 4141789
1000000 4374528
1000000 6605644
1001000 5035136
1001000 5569086
999000 7371979
1000000 5880992
1000000 5076124
1001000 4390617
999000 6769817
1000000 4135728
1000000 5930532
1000000 4425728
1000000 6766496
1001000 5032443
999000 5043867
1000000 4460400
1000000 4481024
1001000 6170225
999000 5043867
1001000 5009298
1000000 4365116
999000 4307155
1000000 6413712
1000000 4861548
1000000 4951348
1000000 4414988
1000000 4874240
1000000 6135756
1000000 4999368
1000000 4819732
1000000 4698112
1000000 5149324
1000000 4524476
999000 5369061
1000000 4191972
1000000 4278264
1000000 4030916
1000000 4013092
1000000 4741020
1001000 4592635
999000 4595339
1000000 4017100
1000000 4659432
1000000 4586436
1000000 4177636
1000000 4057320
1001000 4005978
1000000 5081568
999000 4493593
1000000 4366336
1001000 5361826
999000 4538486
1000000 4540036
1000000 4144452
999000 4993921
999000 4039275
1000000 4333976
1000000 4196716
999000 4387851
999000 4469677
1000000 5606984
1001000 4026129
1000000 4715348
1000000 4360836
999000 4390278
1000000 4715060
1000000 4158632
1001000 4428143
999000 4282146
1001000 4034509
999000 5383431
1000000 4097172
1000000 4502108
999000 5485933
1001000 7267228
999000 4465229
1001000 4137358
999000 4042698
1000000 6115092
1001000 4885294
999000 4379079
1001000 4104183
1000000 5045164
1000000 4311812
1000000 4269280
1000000 6313648
1000000 4465852
1001000 4051480
1000000 5032552
1000000 4772420
1000000 4657984
1000000 4528456
1000000 5266960
1001000 4460115
999000 4104884
1000000 4079968
1000000 5068916
1000000 5518464
1000000 4573840
1000000 7137280
1000000 4638952
1000000 4535372
1000000 4088224
999000 4282702
1000000 4292072
1000000 4224476
1000000 4442632
1000000 4142232
1000000 7050188
1001000 4520667
1000000 5382144
999000 5679151
1000000 5053216
1000000 5063348
1000000 4249716
1000000 7200792
1001000 4953650
999000 5097477
1000000 4205564
1000000 4304896
1000000 5973132
1000000 5019580
1001000 4677978
1000000 4556116
1000000 4243596
1000000 4027876
999000 5229169
1000000 4509060
1001000 4256771
1000000 5775360
999000 5866942
1000000 4166568
1001000 4349698
999000 6633961
1000000 6537216
1000000 7434240
1000000 5961728
1000000 4308992
1000000 4820992
1000000 6877184
1000000 5660328
1000000 5009204
1001000 5892347
999000 5656032
1000000 5223224
1001000 4404655
999000 6536032
1000000 4513104
1001000 4539636
999000 5269209
1000000 4676212
1000000 4353968
1000000 4593136
1000000 4183120
1000000 4981504
1000000 6514884
999000 4423247
1001000 4600083
1000000 4371872
1000000 4085760
1000000 4743312
1000000 4001768
1000000 5251588
1000000 6588260
1000000 5015424
1001000 4980451
999000 5026674
1000000 6243308
1001000 4995700
999000 4983079
1000000 4872652
1000000 4155392
999000 5371131
1000000 7215104
1000000 7335632
999000 5837581
1000000 5310576
1001000 5064123
999000 5956900
1000000 4865584
1000000 6266568
1000000 4817008
1000000 5830656
1000000 5724220
1000000 5105920
1001000 5044535
999000 4312604
1000000 5271552
1000000 5567012
1000000 4991720
1000000 5047432
1000000 4819684
