1001000 4140475
1000000 4038084
1000000 4323820
1000000 4185988
1000000 5224824
1000000 4302012
1000000 4672980
1001000 4842401
1000000 4251628
999000 4315235
1000000 4010984
1001000 4839708
1001000 5096235
999000 4777417
1000000 4193628
999000 4125529
1000000 4741848
1000000 5615692
1000000 5881856
1000000 5683200
1000000 5398644
1001000 4410829
999000 4791539
1001000 4088815
1001000 5031864
999000 7082922
1001000 6708683
999000 5502334
999000 6420756
1000000 6762496
1001000 5680631
999000 6219851
1000000 4296704
1000000 4927488
1001000 7660051
999000 5992296
1000000 6250496
1000000 5761024
1000000 7141376
1001000 6903048
1000000 6643712
999000 4760216
1001000 7040127
999000 6841017
1000000 6426624
999000 5071823
1001000 6948059
999000 6793865
1000000 6778880
1001000 4063264
999000 4489609
1000000 6518784
1000000 7106560
1000000 6750208
1000000 4603904
1001000 4304687
999000 6351055
1000000 6672384
1000000 6526976
1000000 4333568
1000000 4026368
1001000 6995116
999000 7025521
1000000 6787072
1000000 4278272
999000 6900468
1000000 6895616
1000000 5107712
1000000 6926336
1000000 6696960
1000000 6942720
1000000 4454400
1000000 6955008
1000000 7118848
1000000 7045120
1000000 4913152
1001000 4177838
999000 5979995
1000000 7450624
1001000 7027852
999000 4790966
1001000 6270849
999000 6656512
1000000 6397952
1000000 6774784
1000000 6729728
1000000 6854656
1000000 4677632
1000000 7225344
1001000 6890773
1000000 6878040
1000000 6680576
1000000 6522880
1000000 6725632
1000000 4882432
1000000 4665344
1000000 5980160
1001000 6718913
999000 6654462
1000000 5009408
999000 6008696
1000000 6744064
1000000 6868992
1000000 5083136
1000000 6328320
1001000 6819164
999000 6882018
1000000 4902912
1001000 4398801
1000000 6291456
999000 6824616
1000000 6758400
1000000 5603328
1001000 4177838
999000 5795491
1000000 6598656
1000000 7311360
1000000 5287936
1000000 4761600
1000000 5924864
1000000 6727680
1001000 6522501
999000 5629437
1001000 4149194
999000 5598686
1000000 6139904
1000000 6621184
1000000 5588992
1000000 4059136
1000000 6205440
1000000 7180288
1001000 5526393
1000000 4078892
1000000 7020544
1000000 4917944
1000000 4944492
1001000 4852803
1001000 7103836
999000 5318066
1001000 5410961
999000 4115327
1002000 6843017
998000 4711947
1000000 4913404
1000000 4376808
999000 4314850
1000000 5065548
1000000 4645536
999000 6865617
1000000 5146004
1001000 5417586
999000 5139535
1000000 6748160
1000000 6358124
1000000 4619468
1001000 5783560
999000 5038798
1001000 4962057
1000000 4558848
1000000 6037012
1000000 5091968
1000000 4919320
1000000 4390568
1001000 5976231
999000 7013221
1000000 4243456
1000000 5926912
1000000 6012036
1000000 5082336
1000000 5564416
1000000 6549504
1000000 4777984
1000000 6850560
1000000 4673536
1001000 4959392
1000000 7065600
1000000 6663548
1000000 5759692
1000000 4820992
1000000 6641664
1000000 6717440
1000000 6676480
1000000 6985728
1000000 6895616
1000000 7038976
1000000 4022272
1000000 6660096
1000000 6858752
1000000 5843160
1000000 4597760
1000000 6979584
1001000 6686177
999000 6713913
1001000 6612523
999000 6732364
1000000 6754304
1000000 4481024
1001000 6643212
999000 6884068
1000000 7202816
1001000 5585454
1000000 5873664
1000000 6688768
1000000 7602176
1000000 4153344
1000000 7151616
1000000 7016448
1000000 5348256
1000000 5060328
1000000 5433788
1000000 7151616
1000000 5963776
1001000 4341514
999000 4891419
1000000 7016448
1001000 6894865
999000 5945145
1000000 6656000
1000000 6823936
1000000 5152768
1000000 4124672
1000000 5902336
1001000 6305630
999000 6703663
1000000 5992448
1000000 4497408
1001000 5192631
999000 6695463
1000000 6746112
1000000 6045696
1000000 4481024
1000000 6336512
999000 6759015
1001000 6798705
999000 4196452
1000000 4233216
1000000 6545408
1000000 6776832
1000000 6621184
1000000 4120576
1000000 6699008
1000000 7215104
1000000 6836224
1000000 4403200
1000000 4157440
1000000 6754304
1001000 7132195
999000 6592960
1000000 5156864
1000000 6434816
1000000 6529024
1000000 6746112
1000000 4288512
1001000 6540915
1000000 7129088
1000000 6680576
999000 5403931
1001000 4591120
1001000 5245826
998000 6944320
1000000 6230016
1000000 6373376
