1000000 4728784
1001000 7487392
1000000 7030652
999000 8954098
1000000 9552680
1000000 9368216
1001000 7481434
999000 7595435
1002000 8208351
998000 6252761
1000000 8268140
1000000 5462016
1000000 7274496
1001000 6277902
999000 5195023
1000000 5555516
999000 4472568
1000000 6754892
1001000 6685690
1000000 7251268
999000 6168600
1000000 8175616
1001000 8345446
999000 8249401
1001000 4132827
1000000 7479296
999000 7548284
1001000 7921934
999000 10528600
1001000 7772883
1000000 7633724
999000 6960784
1000000 6619136
1000000 4651008
1001000 5348123
1000000 7028736
999000 7851691
1000000 5914624
999000 6023047
1001000 7124011
1000000 7516160
1000000 6146048
999000 5600736
1000000 7548928
1001000 7545478
999000 6588860
999000 5791391
1000000 7731200
1000000 7104512
1001000 5704119
999000 5973845
1001000 7267228
999000 7511383
1001000 6049886
999000 4065249
1000000 5474304
1001000 7617086
999000 7025705
1001000 5579944
1000000 6180864
1000000 5877720
1000000 4519924
1001000 4336995
1001000 4008287
1001000 4903164
1000000 4102664
1001000 4399568
999000 4049893
1000000 6791168
1001000 7643684
1000000 7079012
1000000 5591592
999000 4071399
1001000 4298549
999000 7179275
1001000 7131840
1000000 7204736
1000000 4499456
1000000 4136960
999000 7930146
1000000 7289440
1000000 5574524
1000000 4112528
999000 7720488
1001000 7121382
999000 6731139
1000000 4997120
1000000 7380992
1000000 7471104
1001000 5004403
999000 4442458
1000000 6680576
1000000 6922240
1000000 7342080
1001000 5161942
999000 4110350
1000000 6027264
1000000 7464960
1000000 7032832
1000000 6135808
1001000 5268331
1001000 7085138
1000000 7073792
999000 5574086
1000000 5693440
999000 6682758
1001000 5633698
1000000 7499776
1000000 7860224
1000000 6815744
1000000 5804032
999000 7140324
1001000 6993070
999000 4431143
1000000 4622336
1001000 4200239
1001000 4055836
1000000 4311344
999000 4111959
1000000 4703308
1000000 4209332
1000000 4614308
1001000 4636579
999000 4755475
1001000 6088847
999000 4506622
1000000 4811316
999000 4863207
1001000 4049430
999000 4677837
1000000 5290656
1000000 4651804
1001000 4578869
1000000 5056840
1001000 4550889
999000 4520476
1000000 4699548
1000000 4433920
1000000 4081588
1000000 5112296
1000000 5868544
1000000 6089348
1001000 4347652
1001000 7083092
1000000 7503872
999000 7230526
1001000 4928703
1001000 7672327
999000 7638486
1000000 7227392
1001000 5581598
1001000 5417686
999000 7691787
1000000 7139328
1001000 6019196
1001000 6074437
999000 7070622
1000000 7428096
1001000 6493222
999000 6336704
1001000 6610477
1000000 5795840
1000000 5341184
1000000 7413760
1000000 4860036
1000000 5715804
1000000 5643216
1000000 4501832
1000000 5427996
1001000 5242249
1000000 4017312
1000000 4405248
1000000 6317056
1000000 5109528
999000 7556484
1000000 5993180
1000000 5765960
1001000 6270445
1000000 6033408
999000 7048072
1001000 6862129
999000 7605685
999000 4091899
1000000 6594560
1000000 6965248
1000000 6963200
999000 6882018
1000000 6782976
1001000 7029898
1001000 4877554
1000000 6688768
1000000 5212704
1001000 4187496
999000 4385281
1000000 5360576
1001000 4247344
1001000 4160951
1001000 4152763
1000000 4496928
1000000 4463008
999000 5588140
999000 4931323
1001000 4587396
1001000 7124011
999000 7384280
998000 4245803
1000000 7434240
1000000 6893640
1000000 4755328
1000000 5261964
1000000 4025128
1001000 4024035
1000000 5308136
1000000 4586956
1000000 4241536
1001000 4323884
999000 4274322
1000000 4267224
1001000 4130889
999000 4466834
