1000000 4074252
1000000 4525236
1000000 4199676
1000000 4477504
1001000 4678481
1000000 4010892
999000 5026926
1000000 5611580
1001000 4234861
999000 4830718
1000000 4494840
1000000 5342864
1001000 4296815
999000 4827243
1000000 5910528
1001000 5303196
999000 4167647
999000 4704968
1000000 5147600
1000000 4084980
1000000 4931044
1000000 5771264
1000000 6229728
1000000 5484060
1001000 5460651
1000000 4952064
999000 6334654
999000 6412556
1000000 6517584
1000000 4849456
1000000 5265408
1000000 7071744
1000000 5641816
1000000 4695804
1000000 4466788
1001000 5657982
1000000 4477824
1000000 6293504
1000000 4452648
1001000 4368459
999000 4006918
1000000 4034856
999000 4033205
1000000 4641652
999000 4668048
1000000 5793792
1000000 6575188
1000000 4750940
1000000 5439940
1000000 4683776
1000000 5529600
1001000 7103552
1000000 5197824
1000000 5025792
1000000 7321600
1000000 6166528
1000000 5521408
1001000 5311296
1000000 4777984
999000 6185753
1001000 4832051
1000000 6068224
998000 6667286
1000000 6981632
1000000 4882432
1000000 5202284
1000000 4177456
1000000 5484544
1000000 4334236
1000000 6385664
999000 5838542
1001000 6518409
999000 5080024
1000000 5214208
1000000 4255744
1000000 6791168
1000000 7057408
1000000 4091904
1000000 6482028
1000000 5156932
1000000 4712608
999000 4313797
1000000 5944072
1000000 5562368
1001000 4374249
999000 6076348
1001000 6747620
1000000 5254900
1001000 5708211
1000000 5858352
1000000 4735096
1000000 6033016
999000 5244408
1000000 4749312
1000000 4259840
1000000 7045120
1001000 4449878
999000 4746454
1000000 5368936
1001000 5356307
1001000 5190585
999000 6912768
1001000 5704119
999000 6066098
1000000 4904960
1001000 7465686
1000000 5830656
999000 6506858
1000000 5347328
1000000 5234688
1000000 5537792
1000000 6832128
1000000 5632000
1001000 6499996
1000000 6877184
1000000 6541312
1001000 4771164
1000000 4680512
1000000 5969220
1001000 4723784
999000 4597389
1001000 4480035
1000000 4993868
1000000 5243896
1000000 5786064
1000000 5115904
1001000 5439100
1000000 4136960
999000 6730314
1001000 6205378
1000000 4214784
1000000 5201920
999000 6619611
1001000 4392663
1000000 6055936
1000000 6791168
999000 5492084
1001000 6479536
1000000 5367808
999000 4594162
1000000 6090752
1000000 6844416
1000000 6053888
1000000 6348800
1000000 5167104
1000000 4401152
1000000 6430720
1000000 6739968
1000000 5539840
1000000 6117376
1000000 6574080
1000000 4984832
1000000 5500928
1000000 6998016
1000000 5195776
1001000 6600247
1000000 4844624
999000 4131707
1000000 4248380
1000000 4542928
999000 5283615
1000000 4531556
999000 4555495
1000000 4512196
1000000 4908552
1000000 5108172
1000000 5124096
1001000 6574277
999000 4107211
1001000 4358341
999000 6840644
999000 4144860
1000000 4341908
1000000 5508824
1001000 4876267
999000 4266482
1001000 4066193
999000 4638778
1000000 7417856
1000000 5222532
1001000 5355460
999000 4258974
1000000 4139900
1001000 4066765
1000000 5045816
999000 5062346
1001000 4345766
999000 4895847
1000000 5463248
1000000 5943488
1000000 5896192
1000000 5822464
1000000 5529816
1000000 5142528
1000000 4640832
1000000 4352784
1000000 4785556
1000000 4607800
1000000 4763416
1000000 5083616
1000000 4739072
1000000 4247552
1001000 4556339
999000 4255903
1000000 6897664
1001000 6532731
999000 6260852
1000000 5484544
1000000 4907008
1000000 6881280
1000000 6066176
1000000 6725632
1000000 5238784
1000000 5550080
1000000 7663616
1001000 6493858
1000000 6000640
999000 5473633
1001000 5055552
999000 6072248
1001000 6751648
1001000 5614097
1000000 7335936
999000 5449033
1000000 5996544
1000000 4218880
1000000 7245824
1000000 6537216
1001000 6499996
999000 6449457
1000000 5130240
1000000 5695488
1000000 7653376
1000000 6250496
1001000 6297446
1000000 6051840
1001000 7389986
999000 6863567
1000000 5347328
1000000 6287360
1001000 4153286
999000 6605261
1000000 7364608
1000000 6021120
1000000 5799936
1000000 4296704
1000000 6451200
1000000 6844416
1001000 6385422
999000 5826242
1000000 5095424
1000000 6217728
1000000 6608896
1000000 6367232
1002000 5561485
998000 4902476
1001000 5839152
1000000 7159808
999000 6523259
1000000 5554176
1000000 5267456
1000000 5548032
1000000 6940672
1000000 6514688
1001000 5833014
999000 5231727
1000000 5107712
1000000 6787072
1000000 6123520
1001000 6219700
999000 5422382
1000000 4761600
1000000 7194624
1000000 6176768
1000000 5564416
1000000 5611520
1000000 4739072
1000000 7086080
1000000 5103616
1000000 5824512
1000000 6799360
1000000 6854656
1000000 5988352
1000000 6320128
1000000 4147200
1000000 6680576
1001000 6669810
999000 5998446
1000000 6041600
999000 6517109
1001000 7148563
999000 5838542
1000000 5926912
1001000 4713878
999000 5941045
1000000 7735296
