999000 6297025
999000 4835463
1000000 5090496
1000000 4891192
1000000 4063624
1000000 5663848
1000000 4665376
1000000 4318992
1000000 4324384
1000000 4014080
1001000 4240931
999000 4636076
1000000 5320556
1000000 7078812
1001000 4866665
999000 5645133
1000000 4807976
1000000 5554572
999000 4219343
1000000 4224872
999000 5867627
1000000 4935028
1000000 4132968
1000000 5340976
1000000 6138916
1000000 5063216
1000000 5191148
1000000 4529384
1000000 5019848
1000000 4435512
1000000 4127784
1000000 4065580
1000000 4600348
1001000 4599056
1001000 4257670
999000 6548224
1000000 6250692
1000000 6976340
1000000 8439808
1000000 5754324
1000000 8189952
1000000 8157184
1000000 4126720
1000000 7168000
1000000 6413984
1000000 4689944
1000000 5785600
1000000 8890368
1000000 5774656
1000000 4452444
1001000 5492255
1001000 6827348
1000000 8628224
1000000 7958412
1000000 5374896
999000 5405981
1001000 7309334
1000000 7254388
999000 5395695
1000000 5180140
1000000 4239992
999000 4969321
1000000 6803144
1001000 4513258
999000 5129677
1000000 4387888
1001000 5157242
999000 5976532
1000000 8005632
1000000 6713344
1000000 6907904
999000 4672084
1000000 6030728
1000000 5085928
1000000 4210452
999000 4464996
1000000 5355900
1000000 6192416
1000000 5924672
1001000 4390057
999000 4116164
1000000 4093876
999000 4615911
1000000 4298472
1000000 4002320
1000000 5665968
1000000 4959916
1000000 4543144
1000000 4196432
1000000 4128924
1000000 7237632
1000000 4113004
1000000 4346860
999000 5121025
1000000 4957232
1001000 4814985
999000 5704744
1000000 6255000
1000000 5878356
999000 4254770
1001000 4082517
999000 4284720
999000 5162238
1001000 5415868
1000000 4331124
1001000 5378173
999000 5861985
999000 4025493
1000000 4513104
1000000 4228676
1000000 5068652
1000000 4292060
1000000 4173288
1000000 4580608
