1000000 4031868
999000 5186470
999000 4292852
1001000 4136243
1000000 4094880
1001000 4194877
999000 4366366
1000000 4152040
1001000 5252147
999000 6301829
1000000 6031984
1000000 4004908
1000000 4159124
1001000 4419212
1000000 4254288
1001000 4564067
1001000 4775256
1000000 4202084
1000000 4037052
1000000 4111400
999000 4780796
1001000 5327040
999000 5361261
1000000 7110656
1000000 7616512
1001000 5566781
1000000 4732928
999000 5932844
1000000 6499608
1001000 5616115
1000000 5733312
1000000 5382144
999000 4731515
1000000 6854656
1001000 6917330
999000 5731939
1000000 5777408
1000000 6266880
1000000 7446528
1000000 5769216
1000000 6238208
1000000 4777984
1001000 6508179
999000 4353665
1001000 6948059
999000 5180476
1000000 6637568
1001000 7373618
999000 7359679
1000000 6385664
1000000 5496832
1000000 7313408
1001000 7108535
999000 5338202
1000000 5010516
999000 4010266
999000 5287107
1001000 4488079
999000 4670098
1000000 4463048
1001000 5693890
999000 4585029
1000000 4069612
1000000 4083668
1000000 4337268
1000000 4878744
999000 6332220
841000 4241151
913000 4274063
999000 6785665
1001000 7097414
999000 6424856
1000000 5877760
1000000 5042176
1001000 5200815
1000000 6844416
999000 6597061
1001000 6346549
999000 6096848
1000000 5769216
1000000 4993024
1000000 7479296
1000000 7006208
1000000 6080512
1000000 5339136
1000000 4974592
1000000 7344128
1000000 6510592
1000000 6629376
1000000 6193152
1001000 5425870
999000 5112824
1001000 7340883
999000 5975895
1000000 5838848
1000000 5607424
1000000 5328896
1000000 5502976
1001000 6720959
1000000 5863424
999000 6367455
1001000 4228987
999000 6178850
1000000 5869568
1001000 5425870
999000 4944720
1000000 5017600
1000000 5308416
1000000 4628480
1000000 4030464
1000000 4321280
1000000 4777984
1001000 7027852
999000 7160824
1000000 5595136
1000000 6670336
1001000 6911232
999000 7078822
1000000 4911104
999000 7066522
1000000 7090176
1000000 5957632
1001000 5869842
999000 5157925
1000000 5812224
1000000 6703104
1001000 6688223
1000000 5504872
1000000 6300968
1000000 4438072
1000000 4265124
999000 4262054
1000000 4845260
1000000 5840896
1001000 4222849
1000000 6860800
999000 5710858
1001000 5325914
999000 5598686
1000000 6705152
1000000 7131136
1000000 5789696
1000000 5341184
1000000 4333568
1001000 6416111
999000 7244876
1000000 6096896
1000000 5484544
1000000 4845568
1000000 4986880
1001000 7220171
999000 6547859
1000000 5867520
1001000 5730717
1001000 6858037
999000 7218226
1000000 5548032
1001000 5567040
999000 5492084
1001000 4959392
1000000 5027952
1000000 4160144
1001000 4231032
999000 6592960
1001000 6939876
999000 5399831
1000000 5124096
1001000 4394709
1000000 7124992
999000 6875867
1000000 5877760
1000000 5275648
1001000 4988035
999000 5551535
1000000 7747584
1001000 5556927
1000000 4862884
1000000 4165160
1000000 4412836
1000000 4042996
1000000 5208092
1001000 4228075
1000000 5476224
999000 5236800
1000000 5850796
1001000 4051408
1000000 4376480
999000 4847731
1000000 5166144
1000000 4060572
1000000 4893188
1000000 5081960
1000000 4172060
1000000 5102440
1000000 5365528
1000000 4255276
1000000 4874108
1000000 4291068
1000000 4420456
1000000 4763648
1000000 5532696
1001000 4972399
1000000 4533724
1000000 4996964
1000000 6151688
1000000 4456540
999000 4104200
1000000 4427976
1000000 4075748
1001000 5699276
999000 4427987
1000000 4986440
1000000 4761828
1000000 6203392
999000 5193513
1000000 4283576
1000000 5818280
999000 4947075
1001000 4263480
1000000 4411368
1000000 4755608
1000000 6749584
1000000 4289544
1000000 4552956
1000000 4086116
1001000 4558541
999000 4486034
1000000 4410268
1000000 4505148
999000 6588964
