1000000 4132442
1000000 4012200
1000000 4163050
1000000 4410450
1000000 4118850
1001000 4619130
999000 5454404
1001000 5736813
999000 5453053
1000000 4823200
1000000 4445212
1000000 5274788
1000000 4755048
1000000 5325422
1001000 4859822
1000000 4203900
999000 5432432
1000000 5369298
1000000 4056750
1001000 4360189
999000 5641723
1001000 4837406
999000 4091899
1000000 4766758
1001000 5846917
1000000 6043256
1000000 4979822
999000 7142374
1000000 6095082
1001000 5827436
1001000 5444283
1000000 6521300
999000 4732590
1000000 4201910
1000000 5537792
1001000 5094783
999000 5249627
1000000 5351424
1001000 4242317
999000 4879119
1000000 6713344
1000000 6519150
1001000 5552337
999000 4547011
1000000 6433244
1000000 4468060
1001000 4997324
1000000 4771840
1000000 6416384
1000000 5486824
1001000 5106205
999000 4415923
1000000 6449344
1000000 4849256
1000000 5403120
1000000 4489216
1000000 4873976
1001000 4654501
1000000 5206674
999000 4426058
1000000 5450576
1000000 4758594
1000000 4177860
1001000 4941064
999000 4068548
1000000 4189354
1001000 6150137
999000 4632330
1000000 6569984
1001000 6422249
999000 6107099
1001000 5090279
999000 6502758
1001000 6656921
1000000 4380000
1000000 4218060
1000000 4233468
1000000 6029312
1000000 5572608
1000000 5959680
1000000 5017192
1001000 4646193
1000000 4418530
1001000 4768687
1000000 5108378
1000000 5252702
1000000 4565758
1000000 5937152
1000000 5264458
999000 4071015
1000000 4809946
999000 4978398
1000000 5967872
1000000 5720064
1000000 4634744
998000 4403815
1001000 5450177
1000000 5550536
999000 5716428
1001000 4130193
999000 6769265
999000 5895943
1000000 5865472
1000000 5693440
1000000 5183488
1000000 6780928
1001000 6080575
1000000 5464802
1001000 5632511
999000 6336704
1000000 6153338
1000000 4812800
1000000 6676480
999000 6578610
1000000 5947392
1000000 5373164
999000 6519159
1001000 6534777
999000 5941725
1000000 5966856
1000000 5826560
1000000 5920768
1000000 6443008
1001000 5724579
999000 6420756
1000000 6643712
1000000 5912576
1000000 5308922
1000000 6172672
1000000 6591756
1000000 4084882
1001000 4090459
999000 4536112
1000000 4166646
1000000 5934626
1000000 4438716
1000000 4777222
1001000 4166409
999000 5715539
1000000 4419136
1000000 5882160
1001000 4797028
999000 5986146
1000000 6785024
1001000 5862205
999000 5989695
1000000 4447316
1000000 4302848
1000000 7159808
1000000 6178682
1000000 5308718
1000000 4121860
1000000 4534272
1000000 6848512
1000000 6534412
1000000 4947186
1000000 5081088
1000000 7391232
1000000 5758322
1000000 6226040
1000000 4710176
1000000 7120896
1000000 6469496
1000000 5373340
1001000 4206481
999000 6632870
1000000 5637088
1000000 5148770
1000000 5120000
1000000 7319552
1001000 6457516
999000 5914872
1000000 7485440
1000000 5939878
1000000 5976274
1000000 4771840
1000000 7149568
1000000 5678410
1001000 6118661
999000 4428108
1000000 7221248
1000000 6320940
1000000 5769500
1000000 5042422
1000000 7077888
1000000 6624162
1000000 5803574
1000000 4669268
1000000 7112704
1000000 5129684
1001000 4972865
1000000 4691968
1001000 5894591
1001000 4483568
999000 4889191
1001000 4548969
1000000 4581034
1000000 5051214
1000000 5183258
1000000 5607188
1000000 5943296
1001000 6641938
999000 5724492
1000000 5213698
1001000 4777302
999000 7319601
1000000 6373326
1001000 5851720
1000000 4943872
1000000 6889472
1001000 5640931
999000 4473855
1000000 5062656
1000000 5309418
1000000 4572800
1000000 4884878
1000000 4210446
1000000 4861690
1000000 5766728
1000000 5607406
1000000 5830230
1000000 4242820
1000000 4838356
1000000 4414698
1001000 4733260
999000 6189993
1000000 4519790
1000000 4337664
1000000 6528146
1001000 5086113
999000 4969919
1001000 4480899
1000000 4333568
999000 4924880
1000000 5001280
999000 4592142
1000000 4322700
1000000 5006802
1000000 5032600
1001000 5683188
