1000000 4461180
1000000 5890456
1000000 4988008
1000000 4556240
999000 4285533
1000000 6372904
1001000 6694653
1000000 6440744
1000000 6541844
999000 7166394
998000 5123142
1001000 4839756
999000 4954738
999000 4094678
1000000 4978060
1000000 4286796
999000 8093597
1000000 4695784
1000000 4180148
999000 4296044
1000000 4924852
1000000 5099160
1001000 4290385
1000000 5545968
1001000 4540527
1000000 4315596
1000000 4166668
1000000 4134472
1000000 4976660
1000000 5057960
1001000 4970233
999000 4601981
1001000 4783916
1000000 6066448
999000 4684140
999000 7617985
1000000 7469400
1000000 4911620
1000000 4773532
1001000 8863072
1000000 4457228
999000 4761853
1001000 4153130
1000000 4536692
1000000 4549040
999000 4347551
1001000 4240943
1000000 4002836
1002000 7055780
998000 4737066
1000000 7757824
1000000 4350604
1001000 4005174
1000000 4547280
1000000 6638680
1000000 4411268
1001000 5248479
1001000 4468363
999000 4845765
1000000 4645024
1000000 5075216
999000 5586386
1000000 7653376
1001000 7085930
1000000 4972772
999000 4056000
999000 7556484
1000000 6363748
1001000 5370349
999000 4209073
999000 5288760
1001000 5362949
1000000 5042272
1000000 4067328
1000000 7550976
1000000 7670692
1000000 6479612
1000000 4292476
999000 5066898
999000 5979995
1000000 7815168
1000000 7741440
1001000 7250713
1000000 5605376
1001000 8343400
999000 7929593
1000000 7733248
999000 4547011
1000000 6688768
1000000 8103936
1000000 7698432
1000000 8040448
999000 5879543
1000000 7970816
1000000 7880704
1000000 7749632
1000000 4636672
1001000 4120551
999000 6984520
1000000 7391232
1000000 5779456
1001000 5294929
1000000 4591616
1000000 6008832
999000 4813517
1001000 7379756
999000 7371979
1001000 7823728
1000000 5648384
1000000 7430144
1000000 7194624
1000000 7884800
1000000 4235264
1000000 7446528
1000000 6902720
1000000 5277260
1000000 7841792
1000000 4646912
1000000 6801408
1000000 6840320
1000000 7600128
1000000 7428096
1000000 4878336
1000000 7124992
999000 7661037
1000000 7575552
1001000 4226941
1000000 7268352
1000000 7446528
1000000 5398528
1000000 5300224
1000000 7518208
1000000 7147520
1000000 6826940
1000000 4235264
1001000 7480007
999000 5752576
1000000 4574868
1000000 4000404
1000000 4206848
1001000 4261302
999000 5068156
999000 5904144
1000000 4138776
1000000 4011648
1000000 4079320
999000 5494498
1000000 6189928
1000000 4495260
1000000 4006032
1001000 5154409
999000 4451803
1000000 4955752
1001000 4231420
999000 5521241
1000000 4040704
1000000 7444480
1000000 7036512
1000000 6782764
1000000 4776396
1000000 6905856
1000000 7731200
1000000 6875136
1000000 5967872
1000000 6414336
999000 6574638
999000 4372756
1001000 7142425
999000 7035771
1001000 7099460
999000 5846742
1000000 6313984
1000000 7815168
1001000 4597738
999000 5361249
999000 4335695
1000000 4399040
1000000 4037856
1000000 4466688
1000000 4089856
1000000 6453248
1000000 5914056
1000000 4782368
1001000 4865278
999000 7548284
1001000 7099460
999000 7265377
1001000 5348123
1000000 5943296
1000000 7612416
1000000 7430144
1000000 6756352
1001000 5262193
1000000 6197248
1000000 7344128
